================================================================
== Design Size Report
================================================================

* Total Instructions per Compilation Phase
+---------------+-----------------------------+--------------+----------------------------------------------------------------------------------------+
| Phase         | Step                        | Instructions | Description                                                                            |
+---------------+-----------------------------+--------------+----------------------------------------------------------------------------------------+
| Compile/Link  |                             | 11,143       | After all functions are compiled and linked into a single design                       |
|               |                             |              |                                                                                        |
| Unroll/Inline |                             |              | After user unroll and inline pragmas are applied                                       |
|               | (1) unroll                  |  1,525       | user unroll pragmas are applied                                                        |
|               | (2) simplification          |  1,246       | simplification of applied user unroll pragmas                                          |
|               | (3) inline                  |  1,715       | user inline pragmas are applied                                                        |
|               | (4) simplification          |    458       | simplification of applied user inline pragmas                                          |
|               |                             |              |                                                                                        |
| Array/Struct  |                             |              | After user array partition and struct aggregate/disaggregate pragmas are applied       |
|               | (1) array partition         |    458       | user array partition pragmas are applied                                               |
|               | (2) simplification          |    458       | simplification of applied user array partition & struct aggregate/disaggregate pragmas |
|               | (3) aggregate/disaggregate  |    458       | user struct aggregate/disaggregate pragmas are applied                                 |
|               | (4) array reshape           |    458       | apply array reshape pragmas                                                            |
|               | (5) access patterns         |    458       | array access pattern optmizations                                                      |
|               |                             |              |                                                                                        |
| Performance   |                             |              | After transformations are applied to meet performance pragma targets                   |
|               | (1) loop simplification     |    378       | loop and instruction simplification                                                    |
|               | (2) parallelization         |    378       | loops are unrolled or pipelined to meet performance targets                            |
|               | (3) array partition         |    378       | arrays are partitioned to meet performance targets                                     |
|               | (4) simplification          |    378       | simplification of design after performance transformations                             |
|               |                             |              |                                                                                        |
| HW Transforms |                             |              | After hardware transfomations                                                          |
|               | (1) lowering                |    381       | initial conversion to HW specific instructions                                         |
|               | (2) optimizations           |    374       | high level synthesis optimizations                                                     |
+---------------+-----------------------------+--------------+----------------------------------------------------------------------------------------+

* Instructions per Function for each Compilation Phase
+-----------------+-------------------+-----------------+---------------+---------------+---------------+---------------+
| Function        | Location          | Compile/Link    | Unroll/Inline | Array/Struct  | Performance   | HW Transforms |
+-----------------+-------------------+-----------------+---------------+---------------+---------------+---------------+
| + hart          | hart.cpp:10       | 11,143          | 458           | 458           | 378           | 374           |
|  + OP_AL_32I    | OP_AL_32I.cpp:5   | 4,770 (2 calls) | 232 (2 calls) | 232 (2 calls) | 172 (2 calls) | 172 (2 calls) |
|     ALU_SUM     | OP_AL_32I.cpp:79  |   768 (6 calls) |               |               |               |               |
|     ALU_SLL     | OP_AL_32I.cpp:87  |   152 (4 calls) |               |               |               |               |
|     ALU_SLT     | OP_AL_32I.cpp:91  |   120 (4 calls) |               |               |               |               |
|     ALU_SLTU    | OP_AL_32I.cpp:95  |   120 (4 calls) |               |               |               |               |
|     ALU_XOR     | OP_AL_32I.cpp:100 |   196 (4 calls) |               |               |               |               |
|     ALU_SRL     | OP_AL_32I.cpp:104 |   320 (4 calls) |               |               |               |               |
|     ALU_OR      | OP_AL_32I.cpp:112 |   196 (4 calls) |               |               |               |               |
|     ALU_AND     | OP_AL_32I.cpp:116 |   196 (4 calls) |               |               |               |               |
|     ALU_NEG     | OP_AL_32I.cpp:83  |   292 (2 calls) |               |               |               |               |
|     ALU_SRA     | OP_AL_32I.cpp:108 |   152 (4 calls) |               |               |               |               |
|    next_pc_calc | hart.cpp:89       | 1,337 (7 calls) |               |               |               |               |
|    OP_AL_32B    | OP_AL_32I.cpp:65  |   430           |               |               |               |               |
|    ALU_SUM      | OP_AL_32I.cpp:79  |   384 (3 calls) |               |               |               |               |
+-----------------+-------------------+-----------------+---------------+---------------+---------------+---------------+

* Design Size Message Settings
+---------------------------------------------+--------+------------------------------------------------------------------+
| Message Setting                             | Value  | Description                                                      |
+---------------------------------------------+--------+------------------------------------------------------------------+
| config_compile -design_size_maximum_warning | 100000 | Show a warning when total design instructions exceeds this value |
+---------------------------------------------+--------+------------------------------------------------------------------+


