

================================================================
== Vitis HLS Report for 'OP_AL_32I'
================================================================
* Date:           Thu Mar  7 10:40:31 2024

* Version:        2023.2.2 (Build 4101106 on Feb  9 2024)
* Project:        denem7
* Solution:       solution1 (Vivado IP Flow Target)
* Product family: zynquplus
* Target device:  xczu7ev-ffvf1517-3-e


================================================================
== Performance Estimates
================================================================
+ Timing: 
    * Summary: 
    +--------+----------+----------+------------+
    |  Clock |  Target  | Estimated| Uncertainty|
    +--------+----------+----------+------------+
    |ap_clk  |  10.00 ns|  2.858 ns|     2.70 ns|
    +--------+----------+----------+------------+

+ Latency: 
    * Summary: 
    +---------+---------+----------+----------+-----+-----+---------+
    |  Latency (cycles) |  Latency (absolute) |  Interval | Pipeline|
    |   min   |   max   |    min   |    max   | min | max |   Type  |
    +---------+---------+----------+----------+-----+-----+---------+
    |        0|        0|      0 ns|      0 ns|    0|    0|       no|
    +---------+---------+----------+----------+-----+-----+---------+

    + Detail: 
        * Instance: 
        N/A

        * Loop: 
        N/A



================================================================
== Utilization Estimates
================================================================
* Summary: 
+-----------------+---------+------+--------+--------+-----+
|       Name      | BRAM_18K|  DSP |   FF   |   LUT  | URAM|
+-----------------+---------+------+--------+--------+-----+
|DSP              |        -|     -|       -|       -|    -|
|Expression       |        -|     -|       0|    1086|    -|
|FIFO             |        -|     -|       -|       -|    -|
|Instance         |        -|     -|       -|       -|    -|
|Memory           |        -|     -|       -|       -|    -|
|Multiplexer      |        -|     -|       -|     107|    -|
|Register         |        -|     -|       -|       -|    -|
+-----------------+---------+------+--------+--------+-----+
|Total            |        0|     0|       0|    1193|    0|
+-----------------+---------+------+--------+--------+-----+
|Available        |      624|  1728|  460800|  230400|   96|
+-----------------+---------+------+--------+--------+-----+
|Utilization (%)  |        0|     0|       0|      ~0|    0|
+-----------------+---------+------+--------+--------+-----+

+ Detail: 
    * Instance: 
    N/A

    * DSP: 
    N/A

    * Memory: 
    N/A

    * FIFO: 
    N/A

    * Expression: 
    +---------------------+----------+----+---+-----+------------+------------+
    |    Variable Name    | Operation| DSP| FF| LUT | Bitwidth P0| Bitwidth P1|
    +---------------------+----------+----+---+-----+------------+------------+
    |grp_fu_252_p2        |         +|   0|  0|   38|          31|          31|
    |grp_fu_272_p2        |         -|   0|  0|   39|           1|          32|
    |rd_val_14_fu_383_p2  |         -|   0|  0|   38|          31|          31|
    |grp_fu_258_p2        |       and|   0|  0|   31|          31|          31|
    |ashr_ln15_fu_427_p2  |      ashr|   0|  0|  100|          32|          32|
    |ashr_ln28_fu_367_p2  |      ashr|   0|  0|  100|          32|          32|
    |rd_val_16_fu_308_p2  |      ashr|   0|  0|  100|          32|          32|
    |grp_fu_240_p2        |      icmp|   0|  0|   39|          32|          32|
    |grp_fu_246_p2        |      icmp|   0|  0|   39|          32|          32|
    |lshr_ln19_fu_390_p2  |      lshr|   0|  0|  100|          32|          32|
    |rd_val_15_fu_327_p2  |      lshr|   0|  0|  100|          32|          32|
    |grp_fu_228_p2        |        or|   0|  0|   31|          31|          31|
    |grp_fu_278_p2        |       shl|   0|  0|  100|          32|          32|
    |rd_val_2_fu_356_p2   |       shl|   0|  0|  100|          32|          32|
    |shl_ln15_fu_416_p2   |       shl|   0|  0|  100|          32|          32|
    |grp_fu_234_p2        |       xor|   0|  0|   31|          31|          31|
    +---------------------+----------+----+---+-----+------------+------------+
    |Total                |          |   0|  0| 1086|         476|         507|
    +---------------------+----------+----+---+-----+------------+------------+

    * Multiplexer: 
    +-----------------------------------+----+-----------+-----+-----------+
    |                Name               | LUT| Input Size| Bits| Total Bits|
    +-----------------------------------+----+-----------+-----+-----------+
    |ap_phi_mux_error_phi_fu_148_p52    |  14|          3|    1|          3|
    |ap_phi_mux_rd_val_9_phi_fu_87_p52  |  93|         19|   31|        589|
    +-----------------------------------+----+-----------+-----+-----------+
    |Total                              | 107|         22|   32|        592|
    +-----------------------------------+----+-----------+-----+-----------+

    * Register: 
    N/A



================================================================
== Interface
================================================================
* Summary: 
+------------+-----+-----+------------+--------------+--------------+
|  RTL Ports | Dir | Bits|  Protocol  | Source Object|    C Type    |
+------------+-----+-----+------------+--------------+--------------+
|ap_ready    |  out|    1|  ap_ctrl_hs|     OP_AL_32I|  return value|
|ap_return   |  out|   32|  ap_ctrl_hs|     OP_AL_32I|  return value|
|opcode_val  |   in|    6|     ap_none|    opcode_val|        scalar|
|func7_val   |   in|    7|     ap_none|     func7_val|        scalar|
|func3_val   |   in|    3|     ap_none|     func3_val|        scalar|
|op1_val     |   in|   32|     ap_none|       op1_val|        scalar|
|op2_val     |   in|   32|     ap_none|       op2_val|        scalar|
+------------+-----+-----+------------+--------------+--------------+

