/home/omerfaruk/Projects/okul/denem7/denem7/solution1/.autopilot/db/top_module.pp.0.cpp:7823:7: warning: Added loop label VITIS_LOOP_1207_1:   [xilinx-label-all-loops]
      for (i = 0; i < __N - 1; ++i) {
      ^~~
      VITIS_LOOP_1207_1: 
/home/omerfaruk/Projects/okul/denem7/denem7/solution1/.autopilot/db/top_module.pp.0.cpp:7823:7: note: FIX-IT applied suggested code changes
/home/omerfaruk/Projects/okul/denem7/denem7/solution1/.autopilot/db/top_module.pp.0.cpp:8797:5: warning: Added loop label VITIS_LOOP_676_1:   [xilinx-label-all-loops]
    for (unsigned i = low; i != high; ++i) {
    ^~~
    VITIS_LOOP_676_1: 
/home/omerfaruk/Projects/okul/denem7/denem7/solution1/.autopilot/db/top_module.pp.0.cpp:8797:5: note: FIX-IT applied suggested code changes
/home/omerfaruk/Projects/okul/denem7/denem7/solution1/.autopilot/db/top_module.pp.0.cpp:8811:5: warning: Added loop label VITIS_LOOP_690_1:   [xilinx-label-all-loops]
    for (unsigned i = low; i != high; ++i) {
    ^~~
    VITIS_LOOP_690_1: 
/home/omerfaruk/Projects/okul/denem7/denem7/solution1/.autopilot/db/top_module.pp.0.cpp:8811:5: note: FIX-IT applied suggested code changes
/home/omerfaruk/Projects/okul/denem7/denem7/solution1/.autopilot/db/top_module.pp.0.cpp:8825:5: warning: Added loop label VITIS_LOOP_704_1:   [xilinx-label-all-loops]
    for (unsigned i = low; i != high; ++i) {
    ^~~
    VITIS_LOOP_704_1: 
/home/omerfaruk/Projects/okul/denem7/denem7/solution1/.autopilot/db/top_module.pp.0.cpp:8825:5: note: FIX-IT applied suggested code changes
/home/omerfaruk/Projects/okul/denem7/denem7/solution1/.autopilot/db/top_module.pp.0.cpp:10442:7: warning: Added loop label VITIS_LOOP_1247_1:   [xilinx-label-all-loops]
      for (i = 0; i < __N - 1; ++i) {
      ^~~
      VITIS_LOOP_1247_1: 
/home/omerfaruk/Projects/okul/denem7/denem7/solution1/.autopilot/db/top_module.pp.0.cpp:10442:7: note: FIX-IT applied suggested code changes
