INFO: [HLS 200-10] Running '/home/omerfaruk/tools/Xilinx/Vitis_HLS/2023.2/bin/unwrapped/lnx64.o/vitis_hls'
INFO: [HLS 200-10] For user 'omerfaruk' on host 'DarkChocolate' (Linux_x86_64 version 6.5.0-27-generic) on Wed Apr 17 15:10:30 +03 2024
INFO: [HLS 200-10] On os Ubuntu 22.04.4 LTS
INFO: [HLS 200-10] In directory '/home/omerfaruk/Projects/okul/denem7'
INFO: [HLS 200-2053] The vitis_hls executable is being deprecated. Consider using vitis-run --mode hls --tcl
Sourcing Tcl script '/home/omerfaruk/Projects/okul/denem7/denem7/solution1/cosim.tcl'
INFO: [HLS 200-1510] Running: source /home/omerfaruk/Projects/okul/denem7/denem7/solution1/cosim.tcl
INFO: [HLS 200-1510] Running: open_project denem7 
INFO: [HLS 200-10] Opening project '/home/omerfaruk/Projects/okul/denem7/denem7'.
INFO: [HLS 200-1510] Running: set_top top_module 
INFO: [HLS 200-1510] Running: add_files top_module.cpp 
INFO: [HLS 200-10] Adding design file 'top_module.cpp' to the project
INFO: [HLS 200-1510] Running: add_files OP_AL_32I.cpp 
INFO: [HLS 200-10] Adding design file 'OP_AL_32I.cpp' to the project
INFO: [HLS 200-1510] Running: add_files hart.cpp 
INFO: [HLS 200-10] Adding design file 'hart.cpp' to the project
INFO: [HLS 200-1510] Running: add_files mem.cpp 
INFO: [HLS 200-10] Adding design file 'mem.cpp' to the project
INFO: [HLS 200-1510] Running: add_files parameters.hpp 
INFO: [HLS 200-10] Adding design file 'parameters.hpp' to the project
INFO: [HLS 200-1510] Running: add_files -tb test_hart.cpp -cflags -Wno-unknown-pragmas 
INFO: [HLS 200-10] Adding test bench file 'test_hart.cpp' to the project
INFO: [HLS 200-1510] Running: open_solution solution1 -flow_target vivado 
INFO: [HLS 200-10] Opening solution '/home/omerfaruk/Projects/okul/denem7/denem7/solution1'.
INFO: [SYN 201-201] Setting up clock 'default' with a period of 10ns.
INFO: [HLS 200-1611] Setting target device to 'xczu7ev-ffvf1517-3-e'
INFO: [HLS 200-1505] Using flow_target 'vivado'
Resolution: For help on HLS 200-1505 see docs.xilinx.com/access/sources/dita/topic?Doc_Version=2023.2%20English&url=ug1448-hls-guidance&resourceid=200-1505.html
INFO: [HLS 200-1464] Running solution command: config_cosim -tool=xsim
INFO: [HLS 200-1464] Running solution command: config_cosim -trace_level=port
INFO: [HLS 200-1464] Running solution command: config_cosim -wave_debug=1
INFO: [HLS 200-1510] Running: set_part xczu7ev-ffvf1517-3-e 
INFO: [HLS 200-1510] Running: create_clock -period 10 -name default 
INFO: [HLS 200-1510] Running: config_cosim -tool xsim -trace_level port -wave_debug 
INFO: [HLS 200-1510] Running: source ./denem7/solution1/directives.tcl
INFO: [HLS 200-1510] Running: set_directive_top -name top_module top_module 
INFO: [HLS 200-1510] Running: cosim_design -wave_debug -trace_level port 
INFO: [COSIM 212-47] Using XSIM for RTL simulation.
INFO: [COSIM 212-14] Instrumenting C test bench ...
   Build using "/home/omerfaruk/tools/Xilinx/Vitis_HLS/2023.2/tps/lnx64/gcc-8.3.0/bin/g++"
   Compiling apatb_top_module.cpp
   Compiling hart.cpp_pre.cpp.tb.cpp
   Compiling mem.cpp_pre.cpp.tb.cpp
   Compiling OP_AL_32I.cpp_pre.cpp.tb.cpp
   Compiling test_hart.cpp_pre.cpp.tb.cpp
   Compiling top_module.cpp_pre.cpp.tb.cpp
   Compiling apatb_top_module_ir.ll
   Generating cosim.tv.exe
INFO: [COSIM 212-302] Starting C TB testing ... 
0 0x0800613
8 0x60313
10 0x513
18 0x200813
20 0x0f5f6b3
28 0x0f87733
30 0x0e03733
38 0x0e50533
40 0x0f37733
48 0x0e03733
50 0x359593
58 0x389893
60 0x331313
20 0x0f5f6b3
28 0x0f87733
30 0x0e03733
38 0x0e50533
40 0x0f37733
48 0x0e03733
50 0x359593
58 0x389893
60 0x331313
20 0x0f5f6b3
28 0x0f87733
30 0x0e03733
38 0x0e50533
40 0x0f37733
48 0x0e03733
50 0x359593
58 0x389893
60 0x331313
20 0x0f5f6b3
28 0x0f87733
30 0x0e03733
38 0x0e50533
40 0x0f37733
48 0x0e03733
50 0x359593
58 0x389893
60 0x331313
20 0x0f5f6b3
28 0x0f87733
30 0x0e03733
38 0x0e50533
40 0x0f37733
48 0x0e03733
50 0x359593
58 0x389893
60 0x331313
20 0x0f5f6b3
28 0x0f87733
30 0x0e03733
38 0x0e50533
40 0x0f37733
48 0x0e03733
50 0x359593
58 0x389893
60 0x331313
20 0x0f5f6b3
28 0x0f87733
30 0x0e03733
38 0x0e50533
40 0x0f37733
48 0x0e03733
50 0x359593
58 0x389893
60 0x331313
20 0x0f5f6b3
28 0x0f87733
30 0x0e03733
38 0x0e50533
40 0x0f37733
48 0x0e03733
50 0x359593
58 0x389893
60 0x331313
INFO: [COSIM 212-333] Generating C post check test bench ...
INFO: [COSIM 212-12] Generating RTL test bench ...
INFO: [COSIM 212-1] *** C/RTL co-simulation file generation completed. ***
INFO: [COSIM 212-323] Starting verilog simulation. 
INFO: [COSIM 212-15] Starting XSIM ...
Vivado Simulator v2023.2.2
Copyright 1986-2022 Xilinx, Inc. All Rights Reserved.
Copyright 2022-2023 Advanced Micro Devices, Inc. All Rights Reserved.
Running: /home/omerfaruk/tools/Xilinx/Vivado/2023.2/bin/unwrapped/lnx64.o/xelab xil_defaultlib.apatb_top_module_top glbl -Oenable_linking_all_libraries -prj top_module.prj -L smartconnect_v1_0 -L axi_protocol_checker_v1_1_12 -L axi_protocol_checker_v1_1_13 -L axis_protocol_checker_v1_1_11 -L axis_protocol_checker_v1_1_12 -L xil_defaultlib -L unisims_ver -L xpm -L floating_point_v7_1_17 -L floating_point_v7_0_22 --lib ieee_proposed=./ieee_proposed -s top_module -debug all 
Multi-threading is on. Using 6 slave threads.
WARNING: [XSIM 43-3431] One or more environment variables have been detected which affect the operation of the C compiler. These are typically not set in standard installations and are not tested by AMD, however they may be appropriate for your system, so the flow will attempt to continue.  If errors occur, try running xelab with the "-mt off -v 1" switches to see more information from the C compiler. The following environment variables have been detected:
    CPATH
    LIBRARY_PATH
INFO: [VRFC 10-2263] Analyzing SystemVerilog file "/home/omerfaruk/Projects/okul/denem7/denem7/solution1/sim/verilog/glbl.v" into library work
INFO: [VRFC 10-311] analyzing module glbl
INFO: [VRFC 10-2263] Analyzing SystemVerilog file "/home/omerfaruk/Projects/okul/denem7/denem7/solution1/sim/verilog/top_module_sparsemux_65_5_32_1_1.v" into library xil_defaultlib
INFO: [VRFC 10-311] analyzing module top_module_sparsemux_65_5_32_1_1
INFO: [VRFC 10-2263] Analyzing SystemVerilog file "/home/omerfaruk/Projects/okul/denem7/denem7/solution1/sim/verilog/top_module.autotb.v" into library xil_defaultlib
INFO: [VRFC 10-311] analyzing module apatb_top_module_top
INFO: [VRFC 10-2263] Analyzing SystemVerilog file "/home/omerfaruk/Projects/okul/denem7/denem7/solution1/sim/verilog/top_module_hart.v" into library xil_defaultlib
INFO: [VRFC 10-311] analyzing module top_module_hart
INFO: [VRFC 10-2263] Analyzing SystemVerilog file "/home/omerfaruk/Projects/okul/denem7/denem7/solution1/sim/verilog/top_module_OP_AL_32I.v" into library xil_defaultlib
INFO: [VRFC 10-311] analyzing module top_module_OP_AL_32I
INFO: [VRFC 10-2263] Analyzing SystemVerilog file "/home/omerfaruk/Projects/okul/denem7/denem7/solution1/sim/verilog/top_module.v" into library xil_defaultlib
INFO: [VRFC 10-311] analyzing module top_module
INFO: [VRFC 10-2263] Analyzing SystemVerilog file "/home/omerfaruk/Projects/okul/denem7/denem7/solution1/sim/verilog/dataflow_monitor.sv" into library xil_defaultlib
INFO: [VRFC 10-311] analyzing module dataflow_monitor
Starting static elaboration
Pass Through NonSizing Optimizer
Completed static elaboration
Starting simulation data flow analysis
Completed simulation data flow analysis
Time Resolution for simulation is 1ps
Compiling package xil_defaultlib.$unit_dataflow_monitor_sv
Compiling module xil_defaultlib.top_module_OP_AL_32I
Compiling module xil_defaultlib.top_module_hart
Compiling module xil_defaultlib.top_module_sparsemux_65_5_32_1_1...
Compiling module xil_defaultlib.top_module
Compiling module xil_defaultlib.nodf_module_intf
Compiling module xil_defaultlib.dataflow_monitor_1
Compiling module xil_defaultlib.apatb_top_module_top
Compiling module work.glbl
Built simulation snapshot top_module

****** xsim v2023.2.2 (64-bit)
  **** SW Build 4126759 on Thu Feb  8 23:52:05 MST 2024
  **** IP Build 4126054 on Fri Feb  9 11:39:09 MST 2024
  **** SharedData Build 4115275 on Tue Jan 30 00:40:57 MST 2024
    ** Copyright 1986-2022 Xilinx, Inc. All Rights Reserved.
    ** Copyright 2022-2024 Advanced Micro Devices, Inc. All Rights Reserved.

start_gui
