INFO: [SIM 2] *************** CSIM start ***************
INFO: [SIM 4] CSIM will launch GCC as the compiler.
   Compiling ../../../../test_hart.cpp in release mode
   Compiling ../../../../OP_AL_32I.cpp in release mode
   Compiling ../../../../hart.cpp in release mode
   Compiling ../../../../mem.cpp in release mode
   Generating csim.exe
0 0x500093
0x5
4 0x700113
0x5
8 0x208463
0x5
c 0x108093
0x6
10 0x500193
0x6
14 0x500213
0x6
18 0x419463
0x6
1c 0x108093
0x7
20 0x500293
0x7
24 0x700313
0x7
28 0x62c463
0x7
30 0x700393
0x7
34 0x500413
0x7
38 0x083d463
0x7
40 0x493
0x7
44 -0xffaed
0x7
48 0x0a4e463
0x7
50 -0xffa6d
0x7
54 0x613
0x7
58 0x0c5f463
0x7
60 0x500093
0x5
64 0x0c000ef
0x68
70 0x408167
0x68
74 0x10b7
0x1000
78 0x2097
0x2078
7c 0x500093
0x5
INFO: [SIM 1] CSim done with 0 errors.
INFO: [SIM 3] *************** CSIM finish ***************
